<?xml version="1.0" encoding="UTF-8"?>
<!-- Generated by org.testng.reporters.JUnitReportReporter -->
<testsuite skipped="0" hostname="342-NB2ZR2VQ3" name="tests.AssurityTests" tests="1" failures="0" timestamp="2023-03-04T15:57:49 IST" time="5.104" errors="0">
  <testcase name="testVerifyAcceptanceCriteria" time="5.104" classname="tests.AssurityTests"/>
  <system-out/>
</testsuite> <!-- tests.AssurityTests -->
